[2024-04-11 09:14:10,762] multiqc                                            [DEBUG  ]  This is MultiQC v1.21
[2024-04-11 09:14:10,766] multiqc                                            [DEBUG  ]  Loading config settings from: multiqc_config.yml
[2024-04-11 09:14:10,766] multiqc                                            [DEBUG  ]  New config: {'report_comment': 'This report has been generated by the <a href="https://github.com/nf-core/pangenome/releases/tag/1.1.2" target="_blank">nf-core/pangenome</a> analysis pipeline. For information about how to interpret these results, please see the <a href="https://nf-co.re/pangenome/1.1.2/docs/output" target="_blank">documentation</a>.\n', 'report_section_order': {'nf-core-pangenome-methods-description': {'order': -1000}, 'software_versions': {'order': -1001}, 'nf-core-pangenome-summary': {'order': -1002}}, 'export_plots': True, 'disable_version_detection': True, 'custom_data': {'odgi_O': {'section_name': 'ODGI Compressed 1D visualization', 'description': 'This image shows a 1D rendering of the built pangenome graph. The graph nodes are arranged from left to right, forming the pangenome sequence. Summarization of path coverage across all paths. A heatmap color-coding from https://colorbrewer2.org/#type=diverging&scheme=RdBu&n=11 is used. Dark blue means highest coverage. Dark red means lowest coverage. The path names are placed on the left. The black lines under the paths are the links, which represent the graph topology.'}, 'odgi_viz': {'section_name': 'ODGI 1D visualization', 'description': 'This image shows a 1D rendering of the built pangenome graph. The graph nodes are arranged from left to right, forming the pangenome sequence. The colored bars represent the paths versus the pangenome sequence in a binary matrix. The path names are placed on the left. The black lines under the paths are the links, which represent the graph topology.'}, 'odgi_viz_pos': {'section_name': 'ODGI 1D visualization by path position', 'description': 'This shows a 1D rendering of the built pangenome graph where the paths are colored according to their nucleotide position. Light grey means a low path position, black is the highest path position.'}, 'odgi_viz_inv': {'section_name': 'ODGI 1D visualization by path orientation', 'description': 'This image shows a 1D rendering of the built pangenome graph where the paths are colored by orientation. Forward is black, reverse is red.'}, 'odgi_viz_depth': {'section_name': 'ODGI 1D visualization by node depth', 'description': 'This shows a 1D rendering of the built pangenome graph where the paths are colored according to path depth. Using the Spectra color palette with 4 levels of path depths, white indicates no depth, while grey, red, and yellow indicate depth 1, 2, and greater than or equal to 3, respectively.'}, 'odgi_viz_uncalled': {'section_name': 'ODGI 1D visualization by uncalled bases', 'description': "This shows a 1D rendering of the built pangenome graph where the paths are colored according to the coverage of uncalled bases. The lighter the green, the higher the 'N' content of a node is."}, 'odgi_draw': {'section_name': 'ODGI 2D drawing', 'description': 'This image shows a 2D rendering of the built pangenome graph.'}}, 'ignore_images': False, 'module_order': ['odgi', 'custom_content'], 'custom_content': {'order': ['odgi_O', 'odgi_viz', 'odgi_viz_pos', 'odgi_viz_inv', 'odgi_viz_depth', 'odgi_viz_uncalled', 'odgi_draw']}}
[2024-04-11 09:14:10,766] multiqc                                            [DEBUG  ]  Added to filename patterns: [{'odgi_O': {'fn': '*O_multiqc.png'}, 'odgi_draw': {'fn': '*draw_multiqc.png'}, 'odgi_viz': {'fn': '*viz_multiqc.png'}, 'odgi_viz_pos': {'fn': '*viz_pos_multiqc.png'}, 'odgi_viz_inv': {'fn': '*viz_inv_multiqc.png'}, 'odgi_viz_depth': {'fn': '*viz_depth_multiqc.png'}, 'odgi_viz_uncalled': {'fn': '*viz_uncalled_multiqc.png'}}]
[2024-04-11 09:14:10,769] multiqc                                            [DEBUG  ]  Loading config settings from: multiqc_config.yml
[2024-04-11 09:14:10,769] multiqc                                            [DEBUG  ]  New config: {'report_comment': 'This report has been generated by the <a href="https://github.com/nf-core/pangenome/releases/tag/1.1.2" target="_blank">nf-core/pangenome</a> analysis pipeline. For information about how to interpret these results, please see the <a href="https://nf-co.re/pangenome/1.1.2/docs/output" target="_blank">documentation</a>.\n', 'report_section_order': {'nf-core-pangenome-methods-description': {'order': -1000}, 'software_versions': {'order': -1001}, 'nf-core-pangenome-summary': {'order': -1002}}, 'export_plots': True, 'disable_version_detection': True, 'custom_data': {'odgi_O': {'section_name': 'ODGI Compressed 1D visualization', 'description': 'This image shows a 1D rendering of the built pangenome graph. The graph nodes are arranged from left to right, forming the pangenome sequence. Summarization of path coverage across all paths. A heatmap color-coding from https://colorbrewer2.org/#type=diverging&scheme=RdBu&n=11 is used. Dark blue means highest coverage. Dark red means lowest coverage. The path names are placed on the left. The black lines under the paths are the links, which represent the graph topology.'}, 'odgi_viz': {'section_name': 'ODGI 1D visualization', 'description': 'This image shows a 1D rendering of the built pangenome graph. The graph nodes are arranged from left to right, forming the pangenome sequence. The colored bars represent the paths versus the pangenome sequence in a binary matrix. The path names are placed on the left. The black lines under the paths are the links, which represent the graph topology.'}, 'odgi_viz_pos': {'section_name': 'ODGI 1D visualization by path position', 'description': 'This shows a 1D rendering of the built pangenome graph where the paths are colored according to their nucleotide position. Light grey means a low path position, black is the highest path position.'}, 'odgi_viz_inv': {'section_name': 'ODGI 1D visualization by path orientation', 'description': 'This image shows a 1D rendering of the built pangenome graph where the paths are colored by orientation. Forward is black, reverse is red.'}, 'odgi_viz_depth': {'section_name': 'ODGI 1D visualization by node depth', 'description': 'This shows a 1D rendering of the built pangenome graph where the paths are colored according to path depth. Using the Spectra color palette with 4 levels of path depths, white indicates no depth, while grey, red, and yellow indicate depth 1, 2, and greater than or equal to 3, respectively.'}, 'odgi_viz_uncalled': {'section_name': 'ODGI 1D visualization by uncalled bases', 'description': "This shows a 1D rendering of the built pangenome graph where the paths are colored according to the coverage of uncalled bases. The lighter the green, the higher the 'N' content of a node is."}, 'odgi_draw': {'section_name': 'ODGI 2D drawing', 'description': 'This image shows a 2D rendering of the built pangenome graph.'}}, 'ignore_images': False, 'module_order': ['odgi', 'custom_content'], 'custom_content': {'order': ['odgi_O', 'odgi_viz', 'odgi_viz_pos', 'odgi_viz_inv', 'odgi_viz_depth', 'odgi_viz_uncalled', 'odgi_draw']}}
[2024-04-11 09:14:10,769] multiqc                                            [DEBUG  ]  Added to filename patterns: [{'odgi_O': {'fn': '*O_multiqc.png'}, 'odgi_draw': {'fn': '*draw_multiqc.png'}, 'odgi_viz': {'fn': '*viz_multiqc.png'}, 'odgi_viz_pos': {'fn': '*viz_pos_multiqc.png'}, 'odgi_viz_inv': {'fn': '*viz_inv_multiqc.png'}, 'odgi_viz_depth': {'fn': '*viz_depth_multiqc.png'}, 'odgi_viz_uncalled': {'fn': '*viz_uncalled_multiqc.png'}}]
[2024-04-11 09:14:10,769] multiqc                                            [DEBUG  ]  Command used: /usr/local/bin/multiqc --force --config multiqc_config.yml .
[2024-04-11 09:14:10,926] multiqc                                            [DEBUG  ]  Latest MultiQC version is v1.21, released 2024-02-28
[2024-04-11 09:14:10,926] multiqc                                            [DEBUG  ]  Working dir : /tmp/jean/pggb/work/15/1eecc7f3e3c582bb967c4e65351a67
[2024-04-11 09:14:10,926] multiqc                                            [DEBUG  ]  Template    : default
[2024-04-11 09:14:10,927] multiqc                                            [DEBUG  ]  Running Python 3.11.8 | packaged by conda-forge | (main, Feb 16 2024, 20:53:32) [GCC 12.3.0]
[2024-04-11 09:14:10,927] multiqc                                            [DEBUG  ]  Analysing modules: adapterRemoval, afterqc, anglerfish, bakta, bamdst, bamtools, bbduk, bbmap, bcftools, bcl2fastq, bclconvert, biobambam2, biobloomtools, biscuit, bismark, bowtie1, bowtie2, bracken, busco, bustools, ccs, cellranger, checkqc, clipandmerge, clusterflow, conpair, cutadapt, damageprofiler, dedup, deeptools, diamond, disambiguate, dragen, dragen_fastqc, eigenstratdatabasetools, fastp, fastq_screen, fastqc, featureCounts, fgbio, filtlong, flash, flexbar, freyja, gatk, gffcompare, goleft_indexcov, gopeaks, happy, hicexplorer, hicpro, hicup, hifiasm, hisat2, homer, hops, htseq, humid, interop, isoseq, ivar, jcvi, jellyfish, kaiju, kallisto, kat, kraken, leehom, librarian, lima, longranger, macs2, malt, mapdamage, megahit, metaphlan, methylqa, minionqc, mirtop, mirtrace, mosdepth, motus, mtnucratio, multivcfanalyzer, nanostat, nextclade, ngsderive, nonpareil, optitype, pangolin, pbmarkdup, peddy, phantompeakqualtools, picard, porechop, preseq, prinseqplusplus, prokka, purple, pychopper, pycoqc, qc3C, qorts, qualimap, quast, rna_seqc, rockhopper, rsem, rseqc, salmon, sambamba, samblaster, samtools, sargasso, seqera_cli, seqwho, seqyclean, sexdeterrmine, sickle, skewer, slamdunk, snippy, snpeff, snpsplit, somalier, sortmerna, sourmash, spaceranger, stacks, star, supernova, theta2, tophat, trimmomatic, truvari, umitools, varscan2, vcftools, vep, verifybamid, whatshap, xengsort, xenome, odgi, custom_content
[2024-04-11 09:14:10,927] multiqc                                            [DEBUG  ]  Using temporary directory for creating report: /tmp/tmp64u8xs_k
[2024-04-11 09:14:10,928] multiqc                                            [INFO   ]  Search path : /tmp/jean/pggb/work/15/1eecc7f3e3c582bb967c4e65351a67
[2024-04-11 09:14:10,947] multiqc                                            [DEBUG  ]  Summary of files that were skipped by the search: [skipped_module_specific_max_filesize: 9] // [skipped_no_match: 8]
[2024-04-11 09:14:10,982] multiqc.modules.odgi.odgi                          [INFO   ]  Found 2 reports
[2024-04-11 09:14:10,982] multiqc.utils.util_functions                       [DEBUG  ]  Wrote data file multiqc_odgi_stats.txt
[2024-04-11 09:14:11,042] multiqc.plots.bargraph                             [WARNING]  Tried to make bar plot, but had no data: odgi_mean_links_length_plot
[2024-04-11 09:14:11,048] multiqc.modules.custom_content.custom_content      [INFO   ]  odgi_O: Found 1 sample (image)
[2024-04-11 09:14:11,048] multiqc.modules.custom_content.custom_content      [INFO   ]  odgi_viz: Found 1 sample (image)
[2024-04-11 09:14:11,049] multiqc.modules.custom_content.custom_content      [INFO   ]  odgi_viz_pos: Found 1 sample (image)
[2024-04-11 09:14:11,049] multiqc.modules.custom_content.custom_content      [INFO   ]  odgi_viz_inv: Found 1 sample (image)
[2024-04-11 09:14:11,049] multiqc.modules.custom_content.custom_content      [INFO   ]  odgi_viz_depth: Found 1 sample (image)
[2024-04-11 09:14:11,049] multiqc.modules.custom_content.custom_content      [INFO   ]  odgi_viz_uncalled: Found 1 sample (image)
[2024-04-11 09:14:11,049] multiqc.modules.custom_content.custom_content      [INFO   ]  odgi_draw: Found 1 sample (image)
[2024-04-11 09:14:11,049] multiqc.modules.custom_content.custom_content      [INFO   ]  nf-core-pangenome-summary: Found 1 sample (html)
[2024-04-11 09:14:11,049] multiqc.utils.software_versions                    [DEBUG  ]  Reading software versions from config.software_versions
[2024-04-11 09:14:11,049] multiqc.utils.software_versions                    [DEBUG  ]  Reading software versions settings from: 11/nf_core_pangenome_software_mqc_versions.yml
[2024-04-11 09:14:11,051] multiqc.utils.util_functions                       [DEBUG  ]  Wrote data file multiqc_software_versions.txt
[2024-04-11 09:14:11,051] multiqc                                            [DEBUG  ]  Reordering sections: anchor 'nf-core-pangenome-methods-description' not found.
[2024-04-11 09:14:11,051] multiqc                                            [DEBUG  ]  Reordering sections: anchor 'software_versions' not found.
[2024-04-11 09:14:11,051] multiqc                                            [DEBUG  ]  Reordering sections: anchor 'nf-core-pangenome-methods-description' not found for module 'ODGI'.
[2024-04-11 09:14:11,051] multiqc                                            [DEBUG  ]  Reordering sections: anchor 'software_versions' not found for module 'ODGI'.
[2024-04-11 09:14:11,051] multiqc                                            [DEBUG  ]  Reordering sections: anchor 'nf-core-pangenome-summary' not found for module 'ODGI'.
[2024-04-11 09:14:11,051] multiqc                                            [DEBUG  ]  Reordering sections: anchor 'nf-core-pangenome-methods-description' not found for module 'ODGI Compressed 1D visualization'.
[2024-04-11 09:14:11,051] multiqc                                            [DEBUG  ]  Reordering sections: anchor 'software_versions' not found for module 'ODGI Compressed 1D visualization'.
[2024-04-11 09:14:11,051] multiqc                                            [DEBUG  ]  Reordering sections: anchor 'nf-core-pangenome-summary' not found for module 'ODGI Compressed 1D visualization'.
[2024-04-11 09:14:11,051] multiqc                                            [DEBUG  ]  Reordering sections: anchor 'nf-core-pangenome-methods-description' not found for module 'ODGI 1D visualization'.
[2024-04-11 09:14:11,051] multiqc                                            [DEBUG  ]  Reordering sections: anchor 'software_versions' not found for module 'ODGI 1D visualization'.
[2024-04-11 09:14:11,051] multiqc                                            [DEBUG  ]  Reordering sections: anchor 'nf-core-pangenome-summary' not found for module 'ODGI 1D visualization'.
[2024-04-11 09:14:11,051] multiqc                                            [DEBUG  ]  Reordering sections: anchor 'nf-core-pangenome-methods-description' not found for module 'ODGI 1D visualization by path position'.
[2024-04-11 09:14:11,051] multiqc                                            [DEBUG  ]  Reordering sections: anchor 'software_versions' not found for module 'ODGI 1D visualization by path position'.
[2024-04-11 09:14:11,051] multiqc                                            [DEBUG  ]  Reordering sections: anchor 'nf-core-pangenome-summary' not found for module 'ODGI 1D visualization by path position'.
[2024-04-11 09:14:11,051] multiqc                                            [DEBUG  ]  Reordering sections: anchor 'nf-core-pangenome-methods-description' not found for module 'ODGI 1D visualization by path orientation'.
[2024-04-11 09:14:11,051] multiqc                                            [DEBUG  ]  Reordering sections: anchor 'software_versions' not found for module 'ODGI 1D visualization by path orientation'.
[2024-04-11 09:14:11,051] multiqc                                            [DEBUG  ]  Reordering sections: anchor 'nf-core-pangenome-summary' not found for module 'ODGI 1D visualization by path orientation'.
[2024-04-11 09:14:11,051] multiqc                                            [DEBUG  ]  Reordering sections: anchor 'nf-core-pangenome-methods-description' not found for module 'ODGI 1D visualization by node depth'.
[2024-04-11 09:14:11,052] multiqc                                            [DEBUG  ]  Reordering sections: anchor 'software_versions' not found for module 'ODGI 1D visualization by node depth'.
[2024-04-11 09:14:11,052] multiqc                                            [DEBUG  ]  Reordering sections: anchor 'nf-core-pangenome-summary' not found for module 'ODGI 1D visualization by node depth'.
[2024-04-11 09:14:11,052] multiqc                                            [DEBUG  ]  Reordering sections: anchor 'nf-core-pangenome-methods-description' not found for module 'ODGI 1D visualization by uncalled bases'.
[2024-04-11 09:14:11,052] multiqc                                            [DEBUG  ]  Reordering sections: anchor 'software_versions' not found for module 'ODGI 1D visualization by uncalled bases'.
[2024-04-11 09:14:11,052] multiqc                                            [DEBUG  ]  Reordering sections: anchor 'nf-core-pangenome-summary' not found for module 'ODGI 1D visualization by uncalled bases'.
[2024-04-11 09:14:11,052] multiqc                                            [DEBUG  ]  Reordering sections: anchor 'nf-core-pangenome-methods-description' not found for module 'ODGI 2D drawing'.
[2024-04-11 09:14:11,052] multiqc                                            [DEBUG  ]  Reordering sections: anchor 'software_versions' not found for module 'ODGI 2D drawing'.
[2024-04-11 09:14:11,052] multiqc                                            [DEBUG  ]  Reordering sections: anchor 'nf-core-pangenome-summary' not found for module 'ODGI 2D drawing'.
[2024-04-11 09:14:11,052] multiqc                                            [DEBUG  ]  Reordering sections: anchor 'nf-core-pangenome-methods-description' not found for module 'Software Versions'.
[2024-04-11 09:14:11,052] multiqc                                            [DEBUG  ]  Reordering sections: anchor 'software_versions' not found for module 'Software Versions'.
[2024-04-11 09:14:11,052] multiqc                                            [DEBUG  ]  Reordering sections: anchor 'nf-core-pangenome-summary' not found for module 'Software Versions'.
[2024-04-11 09:14:11,052] multiqc                                            [DEBUG  ]  Reordering sections: anchor 'nf-core-pangenome-methods-description' not found for module 'nf-core/pangenome Workflow Summary'.
[2024-04-11 09:14:11,052] multiqc                                            [DEBUG  ]  Reordering sections: anchor 'software_versions' not found for module 'nf-core/pangenome Workflow Summary'.
[2024-04-11 09:14:11,052] multiqc                                            [DEBUG  ]  Reordering sections: anchor 'nf-core-pangenome-summary' not found for module 'nf-core/pangenome Workflow Summary'.
[2024-04-11 09:14:11,052] multiqc                                            [DEBUG  ]  Compressing plot data
[2024-04-11 09:14:11,058] multiqc.utils.util_functions                       [DEBUG  ]  Wrote data file multiqc_data.json
[2024-04-11 09:14:11,058] multiqc                                            [INFO   ]  Report      : multiqc_report.html
[2024-04-11 09:14:11,058] multiqc                                            [INFO   ]  Data        : multiqc_data
[2024-04-11 09:14:11,058] multiqc                                            [DEBUG  ]  Moving data file from '/tmp/tmp64u8xs_k/multiqc_data' to '/tmp/jean/pggb/work/15/1eecc7f3e3c582bb967c4e65351a67/multiqc_data'
[2024-04-11 09:14:11,058] multiqc                                            [DEBUG  ]  Full report path: /tmp/jean/pggb/work/15/1eecc7f3e3c582bb967c4e65351a67/multiqc_report.html
[2024-04-11 09:14:11,059] multiqc                                            [INFO   ]  Plots       : multiqc_plots
[2024-04-11 09:14:11,059] multiqc                                            [DEBUG  ]  Moving plots directory from '/tmp/tmp64u8xs_k/multiqc_plots' to '/tmp/jean/pggb/work/15/1eecc7f3e3c582bb967c4e65351a67/multiqc_plots'
[2024-04-11 09:14:11,159] multiqc                                            [INFO   ]  MultiQC complete
